/Users/k/Desktop/glamping-site/bot/bot.py:578: PTBUserWarning: If 'per_message=False', 'CallbackQueryHandler' will not be tracked for every message. Read this FAQ entry to learn more about the per_* settings: https://github.com/python-telegram-bot/python-telegram-bot/wiki/Frequently-Asked-Questions#what-do-the-per_-settings-in-conversationhandler-do.
  book_conv = ConversationHandler(
/Users/k/Desktop/glamping-site/bot/bot.py:607: PTBUserWarning: If 'per_message=False', 'CallbackQueryHandler' will not be tracked for every message. Read this FAQ entry to learn more about the per_* settings: https://github.com/python-telegram-bot/python-telegram-bot/wiki/Frequently-Asked-Questions#what-do-the-per_-settings-in-conversationhandler-do.
  admin_conv = ConversationHandler(
2026-06-19 14:31:44,703 - __main__ - INFO - 🤖 Бот запущен!
2026-06-19 14:31:45,264 - httpx - INFO - HTTP Request: POST https://api.telegram.org/bot8613215775:AAHJcqaPOgkXiZw_XFT87PX_mnm2mIgp-ok/getMe "HTTP/1.1 200 OK"
2026-06-19 14:31:45,390 - httpx - INFO - HTTP Request: POST https://api.telegram.org/bot8613215775:AAHJcqaPOgkXiZw_XFT87PX_mnm2mIgp-ok/deleteWebhook "HTTP/1.1 200 OK"
2026-06-19 14:31:45,393 - telegram.ext.Application - INFO - Application started
2026-06-19 14:31:56,950 - httpx - INFO - HTTP Request: POST https://api.telegram.org/bot8613215775:AAHJcqaPOgkXiZw_XFT87PX_mnm2mIgp-ok/getUpdates "HTTP/1.1 200 OK"
2026-06-19 14:32:07,094 - httpx - INFO - HTTP Request: POST https://api.telegram.org/bot8613215775:AAHJcqaPOgkXiZw_XFT87PX_mnm2mIgp-ok/getUpdates "HTTP/1.1 200 OK"
2026-06-19 14:32:17,223 - httpx - INFO - HTTP Request: POST https://api.telegram.org/bot8613215775:AAHJcqaPOgkXiZw_XFT87PX_mnm2mIgp-ok/getUpdates "HTTP/1.1 200 OK"
2026-06-19 14:32:27,383 - httpx - INFO - HTTP Request: POST https://api.telegram.org/bot8613215775:AAHJcqaPOgkXiZw_XFT87PX_mnm2mIgp-ok/getUpdates "HTTP/1.1 200 OK"
2026-06-19 14:32:37,677 - httpx - INFO - HTTP Request: POST https://api.telegram.org/bot8613215775:AAHJcqaPOgkXiZw_XFT87PX_mnm2mIgp-ok/getUpdates "HTTP/1.1 200 OK"
2026-06-19 14:32:47,845 - httpx - INFO - HTTP Request: POST https://api.telegram.org/bot8613215775:AAHJcqaPOgkXiZw_XFT87PX_mnm2mIgp-ok/getUpdates "HTTP/1.1 200 OK"
2026-06-19 14:32:58,000 - httpx - INFO - HTTP Request: POST https://api.telegram.org/bot8613215775:AAHJcqaPOgkXiZw_XFT87PX_mnm2mIgp-ok/getUpdates "HTTP/1.1 200 OK"
2026-06-19 14:33:08,154 - httpx - INFO - HTTP Request: POST https://api.telegram.org/bot8613215775:AAHJcqaPOgkXiZw_XFT87PX_mnm2mIgp-ok/getUpdates "HTTP/1.1 200 OK"
2026-06-19 14:33:18,278 - httpx - INFO - HTTP Request: POST https://api.telegram.org/bot8613215775:AAHJcqaPOgkXiZw_XFT87PX_mnm2mIgp-ok/getUpdates "HTTP/1.1 200 OK"
2026-06-19 14:33:28,414 - httpx - INFO - HTTP Request: POST https://api.telegram.org/bot8613215775:AAHJcqaPOgkXiZw_XFT87PX_mnm2mIgp-ok/getUpdates "HTTP/1.1 200 OK"
2026-06-19 14:33:38,677 - httpx - INFO - HTTP Request: POST https://api.telegram.org/bot8613215775:AAHJcqaPOgkXiZw_XFT87PX_mnm2mIgp-ok/getUpdates "HTTP/1.1 200 OK"
2026-06-19 14:33:48,830 - httpx - INFO - HTTP Request: POST https://api.telegram.org/bot8613215775:AAHJcqaPOgkXiZw_XFT87PX_mnm2mIgp-ok/getUpdates "HTTP/1.1 200 OK"
2026-06-19 14:33:58,986 - httpx - INFO - HTTP Request: POST https://api.telegram.org/bot8613215775:AAHJcqaPOgkXiZw_XFT87PX_mnm2mIgp-ok/getUpdates "HTTP/1.1 200 OK"
2026-06-19 14:34:09,148 - httpx - INFO - HTTP Request: POST https://api.telegram.org/bot8613215775:AAHJcqaPOgkXiZw_XFT87PX_mnm2mIgp-ok/getUpdates "HTTP/1.1 200 OK"
2026-06-19 14:34:19,541 - httpx - INFO - HTTP Request: POST https://api.telegram.org/bot8613215775:AAHJcqaPOgkXiZw_XFT87PX_mnm2mIgp-ok/getUpdates "HTTP/1.1 200 OK"
2026-06-19 14:34:29,675 - httpx - INFO - HTTP Request: POST https://api.telegram.org/bot8613215775:AAHJcqaPOgkXiZw_XFT87PX_mnm2mIgp-ok/getUpdates "HTTP/1.1 200 OK"
2026-06-19 14:34:40,179 - httpx - INFO - HTTP Request: POST https://api.telegram.org/bot8613215775:AAHJcqaPOgkXiZw_XFT87PX_mnm2mIgp-ok/getUpdates "HTTP/1.1 200 OK"
2026-06-19 14:34:50,312 - httpx - INFO - HTTP Request: POST https://api.telegram.org/bot8613215775:AAHJcqaPOgkXiZw_XFT87PX_mnm2mIgp-ok/getUpdates "HTTP/1.1 200 OK"
2026-06-19 14:35:00,478 - httpx - INFO - HTTP Request: POST https://api.telegram.org/bot8613215775:AAHJcqaPOgkXiZw_XFT87PX_mnm2mIgp-ok/getUpdates "HTTP/1.1 200 OK"
2026-06-19 14:35:11,224 - httpx - INFO - HTTP Request: POST https://api.telegram.org/bot8613215775:AAHJcqaPOgkXiZw_XFT87PX_mnm2mIgp-ok/getUpdates "HTTP/1.1 200 OK"
2026-06-19 14:35:21,363 - httpx - INFO - HTTP Request: POST https://api.telegram.org/bot8613215775:AAHJcqaPOgkXiZw_XFT87PX_mnm2mIgp-ok/getUpdates "HTTP/1.1 200 OK"
2026-06-19 14:35:31,783 - httpx - INFO - HTTP Request: POST https://api.telegram.org/bot8613215775:AAHJcqaPOgkXiZw_XFT87PX_mnm2mIgp-ok/getUpdates "HTTP/1.1 200 OK"
2026-06-19 14:35:41,933 - httpx - INFO - HTTP Request: POST https://api.telegram.org/bot8613215775:AAHJcqaPOgkXiZw_XFT87PX_mnm2mIgp-ok/getUpdates "HTTP/1.1 200 OK"
2026-06-19 14:35:52,088 - httpx - INFO - HTTP Request: POST https://api.telegram.org/bot8613215775:AAHJcqaPOgkXiZw_XFT87PX_mnm2mIgp-ok/getUpdates "HTTP/1.1 200 OK"
2026-06-19 14:36:02,261 - httpx - INFO - HTTP Request: POST https://api.telegram.org/bot8613215775:AAHJcqaPOgkXiZw_XFT87PX_mnm2mIgp-ok/getUpdates "HTTP/1.1 200 OK"
2026-06-19 14:36:12,421 - httpx - INFO - HTTP Request: POST https://api.telegram.org/bot8613215775:AAHJcqaPOgkXiZw_XFT87PX_mnm2mIgp-ok/getUpdates "HTTP/1.1 200 OK"
2026-06-19 14:36:22,598 - httpx - INFO - HTTP Request: POST https://api.telegram.org/bot8613215775:AAHJcqaPOgkXiZw_XFT87PX_mnm2mIgp-ok/getUpdates "HTTP/1.1 200 OK"
2026-06-19 14:36:32,760 - httpx - INFO - HTTP Request: POST https://api.telegram.org/bot8613215775:AAHJcqaPOgkXiZw_XFT87PX_mnm2mIgp-ok/getUpdates "HTTP/1.1 200 OK"
2026-06-19 14:36:43,056 - httpx - INFO - HTTP Request: POST https://api.telegram.org/bot8613215775:AAHJcqaPOgkXiZw_XFT87PX_mnm2mIgp-ok/getUpdates "HTTP/1.1 200 OK"
2026-06-19 14:36:53,180 - httpx - INFO - HTTP Request: POST https://api.telegram.org/bot8613215775:AAHJcqaPOgkXiZw_XFT87PX_mnm2mIgp-ok/getUpdates "HTTP/1.1 200 OK"
2026-06-19 14:37:03,311 - httpx - INFO - HTTP Request: POST https://api.telegram.org/bot8613215775:AAHJcqaPOgkXiZw_XFT87PX_mnm2mIgp-ok/getUpdates "HTTP/1.1 200 OK"
2026-06-19 14:37:13,438 - httpx - INFO - HTTP Request: POST https://api.telegram.org/bot8613215775:AAHJcqaPOgkXiZw_XFT87PX_mnm2mIgp-ok/getUpdates "HTTP/1.1 200 OK"
2026-06-19 14:37:23,789 - httpx - INFO - HTTP Request: POST https://api.telegram.org/bot8613215775:AAHJcqaPOgkXiZw_XFT87PX_mnm2mIgp-ok/getUpdates "HTTP/1.1 200 OK"
2026-06-19 14:37:34,186 - httpx - INFO - HTTP Request: POST https://api.telegram.org/bot8613215775:AAHJcqaPOgkXiZw_XFT87PX_mnm2mIgp-ok/getUpdates "HTTP/1.1 200 OK"
2026-06-19 14:37:44,496 - httpx - INFO - HTTP Request: POST https://api.telegram.org/bot8613215775:AAHJcqaPOgkXiZw_XFT87PX_mnm2mIgp-ok/getUpdates "HTTP/1.1 200 OK"
2026-06-19 14:37:54,650 - httpx - INFO - HTTP Request: POST https://api.telegram.org/bot8613215775:AAHJcqaPOgkXiZw_XFT87PX_mnm2mIgp-ok/getUpdates "HTTP/1.1 200 OK"
2026-06-19 14:38:04,792 - httpx - INFO - HTTP Request: POST https://api.telegram.org/bot8613215775:AAHJcqaPOgkXiZw_XFT87PX_mnm2mIgp-ok/getUpdates "HTTP/1.1 200 OK"
2026-06-19 14:38:14,920 - httpx - INFO - HTTP Request: POST https://api.telegram.org/bot8613215775:AAHJcqaPOgkXiZw_XFT87PX_mnm2mIgp-ok/getUpdates "HTTP/1.1 200 OK"
2026-06-19 14:38:25,052 - httpx - INFO - HTTP Request: POST https://api.telegram.org/bot8613215775:AAHJcqaPOgkXiZw_XFT87PX_mnm2mIgp-ok/getUpdates "HTTP/1.1 200 OK"
2026-06-19 14:38:35,174 - httpx - INFO - HTTP Request: POST https://api.telegram.org/bot8613215775:AAHJcqaPOgkXiZw_XFT87PX_mnm2mIgp-ok/getUpdates "HTTP/1.1 200 OK"
2026-06-19 14:38:45,545 - httpx - INFO - HTTP Request: POST https://api.telegram.org/bot8613215775:AAHJcqaPOgkXiZw_XFT87PX_mnm2mIgp-ok/getUpdates "HTTP/1.1 200 OK"
2026-06-19 14:38:56,016 - httpx - INFO - HTTP Request: POST https://api.telegram.org/bot8613215775:AAHJcqaPOgkXiZw_XFT87PX_mnm2mIgp-ok/getUpdates "HTTP/1.1 200 OK"
2026-06-19 14:39:06,161 - httpx - INFO - HTTP Request: POST https://api.telegram.org/bot8613215775:AAHJcqaPOgkXiZw_XFT87PX_mnm2mIgp-ok/getUpdates "HTTP/1.1 200 OK"
2026-06-19 14:39:16,296 - httpx - INFO - HTTP Request: POST https://api.telegram.org/bot8613215775:AAHJcqaPOgkXiZw_XFT87PX_mnm2mIgp-ok/getUpdates "HTTP/1.1 200 OK"
2026-06-19 14:39:26,445 - httpx - INFO - HTTP Request: POST https://api.telegram.org/bot8613215775:AAHJcqaPOgkXiZw_XFT87PX_mnm2mIgp-ok/getUpdates "HTTP/1.1 200 OK"
2026-06-19 14:39:36,589 - httpx - INFO - HTTP Request: POST https://api.telegram.org/bot8613215775:AAHJcqaPOgkXiZw_XFT87PX_mnm2mIgp-ok/getUpdates "HTTP/1.1 200 OK"
2026-06-19 14:39:46,720 - httpx - INFO - HTTP Request: POST https://api.telegram.org/bot8613215775:AAHJcqaPOgkXiZw_XFT87PX_mnm2mIgp-ok/getUpdates "HTTP/1.1 200 OK"
2026-06-19 14:39:56,920 - httpx - INFO - HTTP Request: POST https://api.telegram.org/bot8613215775:AAHJcqaPOgkXiZw_XFT87PX_mnm2mIgp-ok/getUpdates "HTTP/1.1 200 OK"
2026-06-19 14:40:07,387 - httpx - INFO - HTTP Request: POST https://api.telegram.org/bot8613215775:AAHJcqaPOgkXiZw_XFT87PX_mnm2mIgp-ok/getUpdates "HTTP/1.1 200 OK"
2026-06-19 14:40:17,535 - httpx - INFO - HTTP Request: POST https://api.telegram.org/bot8613215775:AAHJcqaPOgkXiZw_XFT87PX_mnm2mIgp-ok/getUpdates "HTTP/1.1 200 OK"
2026-06-19 14:40:27,677 - httpx - INFO - HTTP Request: POST https://api.telegram.org/bot8613215775:AAHJcqaPOgkXiZw_XFT87PX_mnm2mIgp-ok/getUpdates "HTTP/1.1 200 OK"
2026-06-19 14:40:37,804 - httpx - INFO - HTTP Request: POST https://api.telegram.org/bot8613215775:AAHJcqaPOgkXiZw_XFT87PX_mnm2mIgp-ok/getUpdates "HTTP/1.1 200 OK"
2026-06-19 14:40:48,291 - httpx - INFO - HTTP Request: POST https://api.telegram.org/bot8613215775:AAHJcqaPOgkXiZw_XFT87PX_mnm2mIgp-ok/getUpdates "HTTP/1.1 200 OK"
2026-06-19 14:40:58,840 - httpx - INFO - HTTP Request: POST https://api.telegram.org/bot8613215775:AAHJcqaPOgkXiZw_XFT87PX_mnm2mIgp-ok/getUpdates "HTTP/1.1 200 OK"
2026-06-19 14:41:09,210 - httpx - INFO - HTTP Request: POST https://api.telegram.org/bot8613215775:AAHJcqaPOgkXiZw_XFT87PX_mnm2mIgp-ok/getUpdates "HTTP/1.1 200 OK"
2026-06-19 14:41:19,422 - httpx - INFO - HTTP Request: POST https://api.telegram.org/bot8613215775:AAHJcqaPOgkXiZw_XFT87PX_mnm2mIgp-ok/getUpdates "HTTP/1.1 200 OK"
2026-06-19 14:41:29,550 - httpx - INFO - HTTP Request: POST https://api.telegram.org/bot8613215775:AAHJcqaPOgkXiZw_XFT87PX_mnm2mIgp-ok/getUpdates "HTTP/1.1 200 OK"
2026-06-19 14:41:39,715 - httpx - INFO - HTTP Request: POST https://api.telegram.org/bot8613215775:AAHJcqaPOgkXiZw_XFT87PX_mnm2mIgp-ok/getUpdates "HTTP/1.1 200 OK"
2026-06-19 14:41:49,955 - httpx - INFO - HTTP Request: POST https://api.telegram.org/bot8613215775:AAHJcqaPOgkXiZw_XFT87PX_mnm2mIgp-ok/getUpdates "HTTP/1.1 200 OK"
2026-06-19 14:42:00,464 - httpx - INFO - HTTP Request: POST https://api.telegram.org/bot8613215775:AAHJcqaPOgkXiZw_XFT87PX_mnm2mIgp-ok/getUpdates "HTTP/1.1 200 OK"
2026-06-19 14:42:12,004 - httpx - INFO - HTTP Request: POST https://api.telegram.org/bot8613215775:AAHJcqaPOgkXiZw_XFT87PX_mnm2mIgp-ok/getUpdates "HTTP/1.1 200 OK"
2026-06-19 14:42:22,160 - httpx - INFO - HTTP Request: POST https://api.telegram.org/bot8613215775:AAHJcqaPOgkXiZw_XFT87PX_mnm2mIgp-ok/getUpdates "HTTP/1.1 200 OK"
2026-06-19 14:42:32,331 - httpx - INFO - HTTP Request: POST https://api.telegram.org/bot8613215775:AAHJcqaPOgkXiZw_XFT87PX_mnm2mIgp-ok/getUpdates "HTTP/1.1 200 OK"
2026-06-19 14:42:42,718 - httpx - INFO - HTTP Request: POST https://api.telegram.org/bot8613215775:AAHJcqaPOgkXiZw_XFT87PX_mnm2mIgp-ok/getUpdates "HTTP/1.1 200 OK"
2026-06-19 14:42:52,858 - httpx - INFO - HTTP Request: POST https://api.telegram.org/bot8613215775:AAHJcqaPOgkXiZw_XFT87PX_mnm2mIgp-ok/getUpdates "HTTP/1.1 200 OK"
2026-06-19 14:43:02,986 - httpx - INFO - HTTP Request: POST https://api.telegram.org/bot8613215775:AAHJcqaPOgkXiZw_XFT87PX_mnm2mIgp-ok/getUpdates "HTTP/1.1 200 OK"
2026-06-19 14:43:13,135 - httpx - INFO - HTTP Request: POST https://api.telegram.org/bot8613215775:AAHJcqaPOgkXiZw_XFT87PX_mnm2mIgp-ok/getUpdates "HTTP/1.1 200 OK"
2026-06-19 14:43:23,310 - httpx - INFO - HTTP Request: POST https://api.telegram.org/bot8613215775:AAHJcqaPOgkXiZw_XFT87PX_mnm2mIgp-ok/getUpdates "HTTP/1.1 200 OK"
2026-06-19 14:43:33,444 - httpx - INFO - HTTP Request: POST https://api.telegram.org/bot8613215775:AAHJcqaPOgkXiZw_XFT87PX_mnm2mIgp-ok/getUpdates "HTTP/1.1 200 OK"
2026-06-19 14:43:43,611 - httpx - INFO - HTTP Request: POST https://api.telegram.org/bot8613215775:AAHJcqaPOgkXiZw_XFT87PX_mnm2mIgp-ok/getUpdates "HTTP/1.1 200 OK"
2026-06-19 14:43:53,787 - httpx - INFO - HTTP Request: POST https://api.telegram.org/bot8613215775:AAHJcqaPOgkXiZw_XFT87PX_mnm2mIgp-ok/getUpdates "HTTP/1.1 200 OK"
2026-06-19 14:44:03,908 - httpx - INFO - HTTP Request: POST https://api.telegram.org/bot8613215775:AAHJcqaPOgkXiZw_XFT87PX_mnm2mIgp-ok/getUpdates "HTTP/1.1 200 OK"
2026-06-19 14:44:14,480 - httpx - INFO - HTTP Request: POST https://api.telegram.org/bot8613215775:AAHJcqaPOgkXiZw_XFT87PX_mnm2mIgp-ok/getUpdates "HTTP/1.1 200 OK"
2026-06-19 14:44:24,638 - httpx - INFO - HTTP Request: POST https://api.telegram.org/bot8613215775:AAHJcqaPOgkXiZw_XFT87PX_mnm2mIgp-ok/getUpdates "HTTP/1.1 200 OK"
2026-06-19 14:44:34,882 - httpx - INFO - HTTP Request: POST https://api.telegram.org/bot8613215775:AAHJcqaPOgkXiZw_XFT87PX_mnm2mIgp-ok/getUpdates "HTTP/1.1 200 OK"
2026-06-19 14:44:45,059 - httpx - INFO - HTTP Request: POST https://api.telegram.org/bot8613215775:AAHJcqaPOgkXiZw_XFT87PX_mnm2mIgp-ok/getUpdates "HTTP/1.1 200 OK"
2026-06-19 14:44:55,261 - httpx - INFO - HTTP Request: POST https://api.telegram.org/bot8613215775:AAHJcqaPOgkXiZw_XFT87PX_mnm2mIgp-ok/getUpdates "HTTP/1.1 200 OK"
2026-06-19 14:45:06,150 - httpx - INFO - HTTP Request: POST https://api.telegram.org/bot8613215775:AAHJcqaPOgkXiZw_XFT87PX_mnm2mIgp-ok/getUpdates "HTTP/1.1 200 OK"
2026-06-19 14:45:16,300 - httpx - INFO - HTTP Request: POST https://api.telegram.org/bot8613215775:AAHJcqaPOgkXiZw_XFT87PX_mnm2mIgp-ok/getUpdates "HTTP/1.1 200 OK"
2026-06-19 14:45:27,057 - httpx - INFO - HTTP Request: POST https://api.telegram.org/bot8613215775:AAHJcqaPOgkXiZw_XFT87PX_mnm2mIgp-ok/getUpdates "HTTP/1.1 200 OK"
2026-06-19 14:45:37,231 - httpx - INFO - HTTP Request: POST https://api.telegram.org/bot8613215775:AAHJcqaPOgkXiZw_XFT87PX_mnm2mIgp-ok/getUpdates "HTTP/1.1 200 OK"
2026-06-19 14:45:47,351 - httpx - INFO - HTTP Request: POST https://api.telegram.org/bot8613215775:AAHJcqaPOgkXiZw_XFT87PX_mnm2mIgp-ok/getUpdates "HTTP/1.1 200 OK"
2026-06-19 14:45:57,499 - httpx - INFO - HTTP Request: POST https://api.telegram.org/bot8613215775:AAHJcqaPOgkXiZw_XFT87PX_mnm2mIgp-ok/getUpdates "HTTP/1.1 200 OK"
2026-06-19 14:46:07,670 - httpx - INFO - HTTP Request: POST https://api.telegram.org/bot8613215775:AAHJcqaPOgkXiZw_XFT87PX_mnm2mIgp-ok/getUpdates "HTTP/1.1 200 OK"
2026-06-19 14:46:17,806 - httpx - INFO - HTTP Request: POST https://api.telegram.org/bot8613215775:AAHJcqaPOgkXiZw_XFT87PX_mnm2mIgp-ok/getUpdates "HTTP/1.1 200 OK"
2026-06-19 14:46:28,419 - httpx - INFO - HTTP Request: POST https://api.telegram.org/bot8613215775:AAHJcqaPOgkXiZw_XFT87PX_mnm2mIgp-ok/getUpdates "HTTP/1.1 200 OK"
2026-06-19 14:46:38,589 - httpx - INFO - HTTP Request: POST https://api.telegram.org/bot8613215775:AAHJcqaPOgkXiZw_XFT87PX_mnm2mIgp-ok/getUpdates "HTTP/1.1 200 OK"
2026-06-19 14:46:48,757 - httpx - INFO - HTTP Request: POST https://api.telegram.org/bot8613215775:AAHJcqaPOgkXiZw_XFT87PX_mnm2mIgp-ok/getUpdates "HTTP/1.1 200 OK"
2026-06-19 14:46:58,919 - httpx - INFO - HTTP Request: POST https://api.telegram.org/bot8613215775:AAHJcqaPOgkXiZw_XFT87PX_mnm2mIgp-ok/getUpdates "HTTP/1.1 200 OK"
2026-06-19 14:47:09,094 - httpx - INFO - HTTP Request: POST https://api.telegram.org/bot8613215775:AAHJcqaPOgkXiZw_XFT87PX_mnm2mIgp-ok/getUpdates "HTTP/1.1 200 OK"
2026-06-19 14:47:19,755 - httpx - INFO - HTTP Request: POST https://api.telegram.org/bot8613215775:AAHJcqaPOgkXiZw_XFT87PX_mnm2mIgp-ok/getUpdates "HTTP/1.1 200 OK"
2026-06-19 14:47:29,906 - httpx - INFO - HTTP Request: POST https://api.telegram.org/bot8613215775:AAHJcqaPOgkXiZw_XFT87PX_mnm2mIgp-ok/getUpdates "HTTP/1.1 200 OK"
2026-06-19 14:47:40,061 - httpx - INFO - HTTP Request: POST https://api.telegram.org/bot8613215775:AAHJcqaPOgkXiZw_XFT87PX_mnm2mIgp-ok/getUpdates "HTTP/1.1 200 OK"
2026-06-19 14:47:50,213 - httpx - INFO - HTTP Request: POST https://api.telegram.org/bot8613215775:AAHJcqaPOgkXiZw_XFT87PX_mnm2mIgp-ok/getUpdates "HTTP/1.1 200 OK"
2026-06-19 14:48:00,361 - httpx - INFO - HTTP Request: POST https://api.telegram.org/bot8613215775:AAHJcqaPOgkXiZw_XFT87PX_mnm2mIgp-ok/getUpdates "HTTP/1.1 200 OK"
2026-06-19 14:48:10,860 - httpx - INFO - HTTP Request: POST https://api.telegram.org/bot8613215775:AAHJcqaPOgkXiZw_XFT87PX_mnm2mIgp-ok/getUpdates "HTTP/1.1 200 OK"
2026-06-19 14:48:21,182 - httpx - INFO - HTTP Request: POST https://api.telegram.org/bot8613215775:AAHJcqaPOgkXiZw_XFT87PX_mnm2mIgp-ok/getUpdates "HTTP/1.1 200 OK"
2026-06-19 14:48:31,358 - httpx - INFO - HTTP Request: POST https://api.telegram.org/bot8613215775:AAHJcqaPOgkXiZw_XFT87PX_mnm2mIgp-ok/getUpdates "HTTP/1.1 200 OK"
2026-06-19 14:48:41,531 - httpx - INFO - HTTP Request: POST https://api.telegram.org/bot8613215775:AAHJcqaPOgkXiZw_XFT87PX_mnm2mIgp-ok/getUpdates "HTTP/1.1 200 OK"
2026-06-19 14:48:51,726 - httpx - INFO - HTTP Request: POST https://api.telegram.org/bot8613215775:AAHJcqaPOgkXiZw_XFT87PX_mnm2mIgp-ok/getUpdates "HTTP/1.1 200 OK"
2026-06-19 14:49:01,877 - httpx - INFO - HTTP Request: POST https://api.telegram.org/bot8613215775:AAHJcqaPOgkXiZw_XFT87PX_mnm2mIgp-ok/getUpdates "HTTP/1.1 200 OK"
2026-06-19 14:49:12,016 - httpx - INFO - HTTP Request: POST https://api.telegram.org/bot8613215775:AAHJcqaPOgkXiZw_XFT87PX_mnm2mIgp-ok/getUpdates "HTTP/1.1 200 OK"
2026-06-19 14:49:22,160 - httpx - INFO - HTTP Request: POST https://api.telegram.org/bot8613215775:AAHJcqaPOgkXiZw_XFT87PX_mnm2mIgp-ok/getUpdates "HTTP/1.1 200 OK"
2026-06-19 14:49:32,302 - httpx - INFO - HTTP Request: POST https://api.telegram.org/bot8613215775:AAHJcqaPOgkXiZw_XFT87PX_mnm2mIgp-ok/getUpdates "HTTP/1.1 200 OK"
2026-06-19 14:49:42,462 - httpx - INFO - HTTP Request: POST https://api.telegram.org/bot8613215775:AAHJcqaPOgkXiZw_XFT87PX_mnm2mIgp-ok/getUpdates "HTTP/1.1 200 OK"
2026-06-19 14:49:52,589 - httpx - INFO - HTTP Request: POST https://api.telegram.org/bot8613215775:AAHJcqaPOgkXiZw_XFT87PX_mnm2mIgp-ok/getUpdates "HTTP/1.1 200 OK"
2026-06-19 14:50:02,726 - httpx - INFO - HTTP Request: POST https://api.telegram.org/bot8613215775:AAHJcqaPOgkXiZw_XFT87PX_mnm2mIgp-ok/getUpdates "HTTP/1.1 200 OK"
2026-06-19 14:50:13,079 - httpx - INFO - HTTP Request: POST https://api.telegram.org/bot8613215775:AAHJcqaPOgkXiZw_XFT87PX_mnm2mIgp-ok/getUpdates "HTTP/1.1 200 OK"
2026-06-19 14:50:23,206 - httpx - INFO - HTTP Request: POST https://api.telegram.org/bot8613215775:AAHJcqaPOgkXiZw_XFT87PX_mnm2mIgp-ok/getUpdates "HTTP/1.1 200 OK"
2026-06-19 14:50:33,349 - httpx - INFO - HTTP Request: POST https://api.telegram.org/bot8613215775:AAHJcqaPOgkXiZw_XFT87PX_mnm2mIgp-ok/getUpdates "HTTP/1.1 200 OK"
2026-06-19 14:50:43,484 - httpx - INFO - HTTP Request: POST https://api.telegram.org/bot8613215775:AAHJcqaPOgkXiZw_XFT87PX_mnm2mIgp-ok/getUpdates "HTTP/1.1 200 OK"
2026-06-19 14:50:53,662 - httpx - INFO - HTTP Request: POST https://api.telegram.org/bot8613215775:AAHJcqaPOgkXiZw_XFT87PX_mnm2mIgp-ok/getUpdates "HTTP/1.1 200 OK"
2026-06-19 14:51:03,834 - httpx - INFO - HTTP Request: POST https://api.telegram.org/bot8613215775:AAHJcqaPOgkXiZw_XFT87PX_mnm2mIgp-ok/getUpdates "HTTP/1.1 200 OK"
2026-06-19 14:51:13,994 - httpx - INFO - HTTP Request: POST https://api.telegram.org/bot8613215775:AAHJcqaPOgkXiZw_XFT87PX_mnm2mIgp-ok/getUpdates "HTTP/1.1 200 OK"
2026-06-19 14:51:24,188 - httpx - INFO - HTTP Request: POST https://api.telegram.org/bot8613215775:AAHJcqaPOgkXiZw_XFT87PX_mnm2mIgp-ok/getUpdates "HTTP/1.1 200 OK"
2026-06-19 14:51:34,809 - httpx - INFO - HTTP Request: POST https://api.telegram.org/bot8613215775:AAHJcqaPOgkXiZw_XFT87PX_mnm2mIgp-ok/getUpdates "HTTP/1.1 200 OK"
2026-06-19 14:51:44,983 - httpx - INFO - HTTP Request: POST https://api.telegram.org/bot8613215775:AAHJcqaPOgkXiZw_XFT87PX_mnm2mIgp-ok/getUpdates "HTTP/1.1 200 OK"
2026-06-19 14:51:55,130 - httpx - INFO - HTTP Request: POST https://api.telegram.org/bot8613215775:AAHJcqaPOgkXiZw_XFT87PX_mnm2mIgp-ok/getUpdates "HTTP/1.1 200 OK"
2026-06-19 14:52:05,268 - httpx - INFO - HTTP Request: POST https://api.telegram.org/bot8613215775:AAHJcqaPOgkXiZw_XFT87PX_mnm2mIgp-ok/getUpdates "HTTP/1.1 200 OK"
2026-06-19 14:52:15,485 - httpx - INFO - HTTP Request: POST https://api.telegram.org/bot8613215775:AAHJcqaPOgkXiZw_XFT87PX_mnm2mIgp-ok/getUpdates "HTTP/1.1 200 OK"
2026-06-19 14:52:25,676 - httpx - INFO - HTTP Request: POST https://api.telegram.org/bot8613215775:AAHJcqaPOgkXiZw_XFT87PX_mnm2mIgp-ok/getUpdates "HTTP/1.1 200 OK"
2026-06-19 14:52:35,823 - httpx - INFO - HTTP Request: POST https://api.telegram.org/bot8613215775:AAHJcqaPOgkXiZw_XFT87PX_mnm2mIgp-ok/getUpdates "HTTP/1.1 200 OK"
2026-06-19 14:52:45,995 - httpx - INFO - HTTP Request: POST https://api.telegram.org/bot8613215775:AAHJcqaPOgkXiZw_XFT87PX_mnm2mIgp-ok/getUpdates "HTTP/1.1 200 OK"
2026-06-19 14:52:56,119 - httpx - INFO - HTTP Request: POST https://api.telegram.org/bot8613215775:AAHJcqaPOgkXiZw_XFT87PX_mnm2mIgp-ok/getUpdates "HTTP/1.1 200 OK"
2026-06-19 14:53:06,317 - httpx - INFO - HTTP Request: POST https://api.telegram.org/bot8613215775:AAHJcqaPOgkXiZw_XFT87PX_mnm2mIgp-ok/getUpdates "HTTP/1.1 200 OK"
2026-06-19 14:53:16,474 - httpx - INFO - HTTP Request: POST https://api.telegram.org/bot8613215775:AAHJcqaPOgkXiZw_XFT87PX_mnm2mIgp-ok/getUpdates "HTTP/1.1 200 OK"
2026-06-19 14:53:27,363 - httpx - INFO - HTTP Request: POST https://api.telegram.org/bot8613215775:AAHJcqaPOgkXiZw_XFT87PX_mnm2mIgp-ok/getUpdates "HTTP/1.1 200 OK"
2026-06-19 14:53:37,521 - httpx - INFO - HTTP Request: POST https://api.telegram.org/bot8613215775:AAHJcqaPOgkXiZw_XFT87PX_mnm2mIgp-ok/getUpdates "HTTP/1.1 200 OK"
2026-06-19 14:53:48,010 - httpx - INFO - HTTP Request: POST https://api.telegram.org/bot8613215775:AAHJcqaPOgkXiZw_XFT87PX_mnm2mIgp-ok/getUpdates "HTTP/1.1 200 OK"
2026-06-19 14:53:58,505 - httpx - INFO - HTTP Request: POST https://api.telegram.org/bot8613215775:AAHJcqaPOgkXiZw_XFT87PX_mnm2mIgp-ok/getUpdates "HTTP/1.1 200 OK"
2026-06-19 14:54:08,651 - httpx - INFO - HTTP Request: POST https://api.telegram.org/bot8613215775:AAHJcqaPOgkXiZw_XFT87PX_mnm2mIgp-ok/getUpdates "HTTP/1.1 200 OK"
2026-06-19 14:54:19,450 - httpx - INFO - HTTP Request: POST https://api.telegram.org/bot8613215775:AAHJcqaPOgkXiZw_XFT87PX_mnm2mIgp-ok/getUpdates "HTTP/1.1 200 OK"
2026-06-19 14:54:29,648 - httpx - INFO - HTTP Request: POST https://api.telegram.org/bot8613215775:AAHJcqaPOgkXiZw_XFT87PX_mnm2mIgp-ok/getUpdates "HTTP/1.1 200 OK"
2026-06-19 14:54:39,832 - httpx - INFO - HTTP Request: POST https://api.telegram.org/bot8613215775:AAHJcqaPOgkXiZw_XFT87PX_mnm2mIgp-ok/getUpdates "HTTP/1.1 200 OK"
2026-06-19 14:54:50,008 - httpx - INFO - HTTP Request: POST https://api.telegram.org/bot8613215775:AAHJcqaPOgkXiZw_XFT87PX_mnm2mIgp-ok/getUpdates "HTTP/1.1 200 OK"
2026-06-19 14:55:00,161 - httpx - INFO - HTTP Request: POST https://api.telegram.org/bot8613215775:AAHJcqaPOgkXiZw_XFT87PX_mnm2mIgp-ok/getUpdates "HTTP/1.1 200 OK"
2026-06-19 14:55:10,400 - httpx - INFO - HTTP Request: POST https://api.telegram.org/bot8613215775:AAHJcqaPOgkXiZw_XFT87PX_mnm2mIgp-ok/getUpdates "HTTP/1.1 200 OK"
2026-06-19 14:55:20,649 - httpx - INFO - HTTP Request: POST https://api.telegram.org/bot8613215775:AAHJcqaPOgkXiZw_XFT87PX_mnm2mIgp-ok/getUpdates "HTTP/1.1 200 OK"
2026-06-19 14:55:30,864 - httpx - INFO - HTTP Request: POST https://api.telegram.org/bot8613215775:AAHJcqaPOgkXiZw_XFT87PX_mnm2mIgp-ok/getUpdates "HTTP/1.1 200 OK"
2026-06-19 14:55:41,096 - httpx - INFO - HTTP Request: POST https://api.telegram.org/bot8613215775:AAHJcqaPOgkXiZw_XFT87PX_mnm2mIgp-ok/getUpdates "HTTP/1.1 200 OK"
2026-06-19 14:55:51,717 - httpx - INFO - HTTP Request: POST https://api.telegram.org/bot8613215775:AAHJcqaPOgkXiZw_XFT87PX_mnm2mIgp-ok/getUpdates "HTTP/1.1 200 OK"
2026-06-19 14:56:02,079 - httpx - INFO - HTTP Request: POST https://api.telegram.org/bot8613215775:AAHJcqaPOgkXiZw_XFT87PX_mnm2mIgp-ok/getUpdates "HTTP/1.1 200 OK"
2026-06-19 14:56:12,501 - httpx - INFO - HTTP Request: POST https://api.telegram.org/bot8613215775:AAHJcqaPOgkXiZw_XFT87PX_mnm2mIgp-ok/getUpdates "HTTP/1.1 200 OK"
2026-06-19 14:56:23,030 - httpx - INFO - HTTP Request: POST https://api.telegram.org/bot8613215775:AAHJcqaPOgkXiZw_XFT87PX_mnm2mIgp-ok/getUpdates "HTTP/1.1 200 OK"
2026-06-19 14:56:33,190 - httpx - INFO - HTTP Request: POST https://api.telegram.org/bot8613215775:AAHJcqaPOgkXiZw_XFT87PX_mnm2mIgp-ok/getUpdates "HTTP/1.1 200 OK"
2026-06-19 14:56:43,589 - httpx - INFO - HTTP Request: POST https://api.telegram.org/bot8613215775:AAHJcqaPOgkXiZw_XFT87PX_mnm2mIgp-ok/getUpdates "HTTP/1.1 200 OK"
2026-06-19 14:56:54,579 - httpx - INFO - HTTP Request: POST https://api.telegram.org/bot8613215775:AAHJcqaPOgkXiZw_XFT87PX_mnm2mIgp-ok/getUpdates "HTTP/1.1 200 OK"
2026-06-19 14:57:05,314 - httpx - INFO - HTTP Request: POST https://api.telegram.org/bot8613215775:AAHJcqaPOgkXiZw_XFT87PX_mnm2mIgp-ok/getUpdates "HTTP/1.1 200 OK"
2026-06-19 14:57:15,483 - httpx - INFO - HTTP Request: POST https://api.telegram.org/bot8613215775:AAHJcqaPOgkXiZw_XFT87PX_mnm2mIgp-ok/getUpdates "HTTP/1.1 200 OK"
2026-06-19 14:57:25,858 - httpx - INFO - HTTP Request: POST https://api.telegram.org/bot8613215775:AAHJcqaPOgkXiZw_XFT87PX_mnm2mIgp-ok/getUpdates "HTTP/1.1 200 OK"
2026-06-19 14:57:36,030 - httpx - INFO - HTTP Request: POST https://api.telegram.org/bot8613215775:AAHJcqaPOgkXiZw_XFT87PX_mnm2mIgp-ok/getUpdates "HTTP/1.1 200 OK"
2026-06-19 14:57:46,302 - httpx - INFO - HTTP Request: POST https://api.telegram.org/bot8613215775:AAHJcqaPOgkXiZw_XFT87PX_mnm2mIgp-ok/getUpdates "HTTP/1.1 200 OK"
2026-06-19 14:57:56,471 - httpx - INFO - HTTP Request: POST https://api.telegram.org/bot8613215775:AAHJcqaPOgkXiZw_XFT87PX_mnm2mIgp-ok/getUpdates "HTTP/1.1 200 OK"
2026-06-19 14:58:06,659 - httpx - INFO - HTTP Request: POST https://api.telegram.org/bot8613215775:AAHJcqaPOgkXiZw_XFT87PX_mnm2mIgp-ok/getUpdates "HTTP/1.1 200 OK"
2026-06-19 14:58:16,818 - httpx - INFO - HTTP Request: POST https://api.telegram.org/bot8613215775:AAHJcqaPOgkXiZw_XFT87PX_mnm2mIgp-ok/getUpdates "HTTP/1.1 200 OK"
2026-06-19 14:58:26,989 - httpx - INFO - HTTP Request: POST https://api.telegram.org/bot8613215775:AAHJcqaPOgkXiZw_XFT87PX_mnm2mIgp-ok/getUpdates "HTTP/1.1 200 OK"
2026-06-19 14:58:37,154 - httpx - INFO - HTTP Request: POST https://api.telegram.org/bot8613215775:AAHJcqaPOgkXiZw_XFT87PX_mnm2mIgp-ok/getUpdates "HTTP/1.1 200 OK"
2026-06-19 14:58:47,288 - httpx - INFO - HTTP Request: POST https://api.telegram.org/bot8613215775:AAHJcqaPOgkXiZw_XFT87PX_mnm2mIgp-ok/getUpdates "HTTP/1.1 200 OK"
2026-06-19 14:58:57,487 - httpx - INFO - HTTP Request: POST https://api.telegram.org/bot8613215775:AAHJcqaPOgkXiZw_XFT87PX_mnm2mIgp-ok/getUpdates "HTTP/1.1 200 OK"
2026-06-19 14:59:08,330 - httpx - INFO - HTTP Request: POST https://api.telegram.org/bot8613215775:AAHJcqaPOgkXiZw_XFT87PX_mnm2mIgp-ok/getUpdates "HTTP/1.1 200 OK"
2026-06-19 14:59:18,932 - httpx - INFO - HTTP Request: POST https://api.telegram.org/bot8613215775:AAHJcqaPOgkXiZw_XFT87PX_mnm2mIgp-ok/getUpdates "HTTP/1.1 200 OK"
2026-06-19 14:59:29,073 - httpx - INFO - HTTP Request: POST https://api.telegram.org/bot8613215775:AAHJcqaPOgkXiZw_XFT87PX_mnm2mIgp-ok/getUpdates "HTTP/1.1 200 OK"
2026-06-19 14:59:39,267 - httpx - INFO - HTTP Request: POST https://api.telegram.org/bot8613215775:AAHJcqaPOgkXiZw_XFT87PX_mnm2mIgp-ok/getUpdates "HTTP/1.1 200 OK"
2026-06-19 14:59:49,548 - httpx - INFO - HTTP Request: POST https://api.telegram.org/bot8613215775:AAHJcqaPOgkXiZw_XFT87PX_mnm2mIgp-ok/getUpdates "HTTP/1.1 200 OK"
2026-06-19 14:59:59,682 - httpx - INFO - HTTP Request: POST https://api.telegram.org/bot8613215775:AAHJcqaPOgkXiZw_XFT87PX_mnm2mIgp-ok/getUpdates "HTTP/1.1 200 OK"
2026-06-19 15:00:09,877 - httpx - INFO - HTTP Request: POST https://api.telegram.org/bot8613215775:AAHJcqaPOgkXiZw_XFT87PX_mnm2mIgp-ok/getUpdates "HTTP/1.1 200 OK"
2026-06-19 15:00:20,087 - httpx - INFO - HTTP Request: POST https://api.telegram.org/bot8613215775:AAHJcqaPOgkXiZw_XFT87PX_mnm2mIgp-ok/getUpdates "HTTP/1.1 200 OK"
2026-06-19 15:00:30,257 - httpx - INFO - HTTP Request: POST https://api.telegram.org/bot8613215775:AAHJcqaPOgkXiZw_XFT87PX_mnm2mIgp-ok/getUpdates "HTTP/1.1 200 OK"
2026-06-19 15:00:40,491 - httpx - INFO - HTTP Request: POST https://api.telegram.org/bot8613215775:AAHJcqaPOgkXiZw_XFT87PX_mnm2mIgp-ok/getUpdates "HTTP/1.1 200 OK"
2026-06-19 15:00:50,681 - httpx - INFO - HTTP Request: POST https://api.telegram.org/bot8613215775:AAHJcqaPOgkXiZw_XFT87PX_mnm2mIgp-ok/getUpdates "HTTP/1.1 200 OK"
2026-06-19 15:01:00,884 - httpx - INFO - HTTP Request: POST https://api.telegram.org/bot8613215775:AAHJcqaPOgkXiZw_XFT87PX_mnm2mIgp-ok/getUpdates "HTTP/1.1 200 OK"
2026-06-19 15:01:11,132 - httpx - INFO - HTTP Request: POST https://api.telegram.org/bot8613215775:AAHJcqaPOgkXiZw_XFT87PX_mnm2mIgp-ok/getUpdates "HTTP/1.1 200 OK"
2026-06-19 15:01:21,311 - httpx - INFO - HTTP Request: POST https://api.telegram.org/bot8613215775:AAHJcqaPOgkXiZw_XFT87PX_mnm2mIgp-ok/getUpdates "HTTP/1.1 200 OK"
2026-06-19 15:01:31,830 - httpx - INFO - HTTP Request: POST https://api.telegram.org/bot8613215775:AAHJcqaPOgkXiZw_XFT87PX_mnm2mIgp-ok/getUpdates "HTTP/1.1 200 OK"
2026-06-19 15:01:41,962 - httpx - INFO - HTTP Request: POST https://api.telegram.org/bot8613215775:AAHJcqaPOgkXiZw_XFT87PX_mnm2mIgp-ok/getUpdates "HTTP/1.1 200 OK"
2026-06-19 15:01:52,114 - httpx - INFO - HTTP Request: POST https://api.telegram.org/bot8613215775:AAHJcqaPOgkXiZw_XFT87PX_mnm2mIgp-ok/getUpdates "HTTP/1.1 200 OK"
2026-06-19 15:02:02,340 - httpx - INFO - HTTP Request: POST https://api.telegram.org/bot8613215775:AAHJcqaPOgkXiZw_XFT87PX_mnm2mIgp-ok/getUpdates "HTTP/1.1 200 OK"
2026-06-19 15:02:12,513 - httpx - INFO - HTTP Request: POST https://api.telegram.org/bot8613215775:AAHJcqaPOgkXiZw_XFT87PX_mnm2mIgp-ok/getUpdates "HTTP/1.1 200 OK"
2026-06-19 15:02:22,682 - httpx - INFO - HTTP Request: POST https://api.telegram.org/bot8613215775:AAHJcqaPOgkXiZw_XFT87PX_mnm2mIgp-ok/getUpdates "HTTP/1.1 200 OK"
2026-06-19 15:02:32,811 - httpx - INFO - HTTP Request: POST https://api.telegram.org/bot8613215775:AAHJcqaPOgkXiZw_XFT87PX_mnm2mIgp-ok/getUpdates "HTTP/1.1 200 OK"
2026-06-19 15:02:42,965 - httpx - INFO - HTTP Request: POST https://api.telegram.org/bot8613215775:AAHJcqaPOgkXiZw_XFT87PX_mnm2mIgp-ok/getUpdates "HTTP/1.1 200 OK"
2026-06-19 15:02:53,101 - httpx - INFO - HTTP Request: POST https://api.telegram.org/bot8613215775:AAHJcqaPOgkXiZw_XFT87PX_mnm2mIgp-ok/getUpdates "HTTP/1.1 200 OK"
2026-06-19 15:03:03,273 - httpx - INFO - HTTP Request: POST https://api.telegram.org/bot8613215775:AAHJcqaPOgkXiZw_XFT87PX_mnm2mIgp-ok/getUpdates "HTTP/1.1 200 OK"
2026-06-19 15:03:13,405 - httpx - INFO - HTTP Request: POST https://api.telegram.org/bot8613215775:AAHJcqaPOgkXiZw_XFT87PX_mnm2mIgp-ok/getUpdates "HTTP/1.1 200 OK"
2026-06-19 15:03:23,546 - httpx - INFO - HTTP Request: POST https://api.telegram.org/bot8613215775:AAHJcqaPOgkXiZw_XFT87PX_mnm2mIgp-ok/getUpdates "HTTP/1.1 200 OK"
2026-06-19 15:03:33,715 - httpx - INFO - HTTP Request: POST https://api.telegram.org/bot8613215775:AAHJcqaPOgkXiZw_XFT87PX_mnm2mIgp-ok/getUpdates "HTTP/1.1 200 OK"
2026-06-19 15:03:43,855 - httpx - INFO - HTTP Request: POST https://api.telegram.org/bot8613215775:AAHJcqaPOgkXiZw_XFT87PX_mnm2mIgp-ok/getUpdates "HTTP/1.1 200 OK"
2026-06-19 15:03:54,023 - httpx - INFO - HTTP Request: POST https://api.telegram.org/bot8613215775:AAHJcqaPOgkXiZw_XFT87PX_mnm2mIgp-ok/getUpdates "HTTP/1.1 200 OK"
2026-06-19 15:04:04,221 - httpx - INFO - HTTP Request: POST https://api.telegram.org/bot8613215775:AAHJcqaPOgkXiZw_XFT87PX_mnm2mIgp-ok/getUpdates "HTTP/1.1 200 OK"
2026-06-19 15:04:14,520 - httpx - INFO - HTTP Request: POST https://api.telegram.org/bot8613215775:AAHJcqaPOgkXiZw_XFT87PX_mnm2mIgp-ok/getUpdates "HTTP/1.1 200 OK"
2026-06-19 15:04:24,798 - httpx - INFO - HTTP Request: POST https://api.telegram.org/bot8613215775:AAHJcqaPOgkXiZw_XFT87PX_mnm2mIgp-ok/getUpdates "HTTP/1.1 200 OK"
2026-06-19 15:04:35,375 - httpx - INFO - HTTP Request: POST https://api.telegram.org/bot8613215775:AAHJcqaPOgkXiZw_XFT87PX_mnm2mIgp-ok/getUpdates "HTTP/1.1 200 OK"
2026-06-19 15:04:45,788 - httpx - INFO - HTTP Request: POST https://api.telegram.org/bot8613215775:AAHJcqaPOgkXiZw_XFT87PX_mnm2mIgp-ok/getUpdates "HTTP/1.1 200 OK"
2026-06-19 15:04:55,937 - httpx - INFO - HTTP Request: POST https://api.telegram.org/bot8613215775:AAHJcqaPOgkXiZw_XFT87PX_mnm2mIgp-ok/getUpdates "HTTP/1.1 200 OK"
2026-06-19 15:05:06,403 - httpx - INFO - HTTP Request: POST https://api.telegram.org/bot8613215775:AAHJcqaPOgkXiZw_XFT87PX_mnm2mIgp-ok/getUpdates "HTTP/1.1 200 OK"
2026-06-19 15:05:16,537 - httpx - INFO - HTTP Request: POST https://api.telegram.org/bot8613215775:AAHJcqaPOgkXiZw_XFT87PX_mnm2mIgp-ok/getUpdates "HTTP/1.1 200 OK"
2026-06-19 15:05:26,693 - httpx - INFO - HTTP Request: POST https://api.telegram.org/bot8613215775:AAHJcqaPOgkXiZw_XFT87PX_mnm2mIgp-ok/getUpdates "HTTP/1.1 200 OK"
2026-06-19 15:05:36,848 - httpx - INFO - HTTP Request: POST https://api.telegram.org/bot8613215775:AAHJcqaPOgkXiZw_XFT87PX_mnm2mIgp-ok/getUpdates "HTTP/1.1 200 OK"
2026-06-19 15:05:47,031 - httpx - INFO - HTTP Request: POST https://api.telegram.org/bot8613215775:AAHJcqaPOgkXiZw_XFT87PX_mnm2mIgp-ok/getUpdates "HTTP/1.1 200 OK"
