/Users/k/Desktop/glamping-site/bot/bot.py:578: PTBUserWarning: If 'per_message=False', 'CallbackQueryHandler' will not be tracked for every message. Read this FAQ entry to learn more about the per_* settings: https://github.com/python-telegram-bot/python-telegram-bot/wiki/Frequently-Asked-Questions#what-do-the-per_-settings-in-conversationhandler-do.
  book_conv = ConversationHandler(
/Users/k/Desktop/glamping-site/bot/bot.py:607: PTBUserWarning: If 'per_message=False', 'CallbackQueryHandler' will not be tracked for every message. Read this FAQ entry to learn more about the per_* settings: https://github.com/python-telegram-bot/python-telegram-bot/wiki/Frequently-Asked-Questions#what-do-the-per_-settings-in-conversationhandler-do.
  admin_conv = ConversationHandler(
2026-06-19 14:17:16,079 - __main__ - INFO - 🤖 Бот запущен!
2026-06-19 14:17:16,663 - httpx - INFO - HTTP Request: POST https://api.telegram.org/bot8613215775:AAHJcqaPOgkXiZw_XFT87PX_mnm2mIgp-ok/getMe "HTTP/1.1 200 OK"
2026-06-19 14:17:16,842 - httpx - INFO - HTTP Request: POST https://api.telegram.org/bot8613215775:AAHJcqaPOgkXiZw_XFT87PX_mnm2mIgp-ok/deleteWebhook "HTTP/1.1 200 OK"
2026-06-19 14:17:16,843 - telegram.ext.Application - INFO - Application started
2026-06-19 14:17:27,620 - httpx - INFO - HTTP Request: POST https://api.telegram.org/bot8613215775:AAHJcqaPOgkXiZw_XFT87PX_mnm2mIgp-ok/getUpdates "HTTP/1.1 200 OK"
2026-06-19 14:17:37,856 - httpx - INFO - HTTP Request: POST https://api.telegram.org/bot8613215775:AAHJcqaPOgkXiZw_XFT87PX_mnm2mIgp-ok/getUpdates "HTTP/1.1 200 OK"
2026-06-19 14:17:48,014 - httpx - INFO - HTTP Request: POST https://api.telegram.org/bot8613215775:AAHJcqaPOgkXiZw_XFT87PX_mnm2mIgp-ok/getUpdates "HTTP/1.1 200 OK"
2026-06-19 14:17:58,325 - httpx - INFO - HTTP Request: POST https://api.telegram.org/bot8613215775:AAHJcqaPOgkXiZw_XFT87PX_mnm2mIgp-ok/getUpdates "HTTP/1.1 200 OK"
2026-06-19 14:18:08,485 - httpx - INFO - HTTP Request: POST https://api.telegram.org/bot8613215775:AAHJcqaPOgkXiZw_XFT87PX_mnm2mIgp-ok/getUpdates "HTTP/1.1 200 OK"
2026-06-19 14:18:18,702 - httpx - INFO - HTTP Request: POST https://api.telegram.org/bot8613215775:AAHJcqaPOgkXiZw_XFT87PX_mnm2mIgp-ok/getUpdates "HTTP/1.1 200 OK"
2026-06-19 14:18:29,252 - httpx - INFO - HTTP Request: POST https://api.telegram.org/bot8613215775:AAHJcqaPOgkXiZw_XFT87PX_mnm2mIgp-ok/getUpdates "HTTP/1.1 200 OK"
2026-06-19 14:18:39,457 - httpx - INFO - HTTP Request: POST https://api.telegram.org/bot8613215775:AAHJcqaPOgkXiZw_XFT87PX_mnm2mIgp-ok/getUpdates "HTTP/1.1 200 OK"
2026-06-19 14:18:49,962 - httpx - INFO - HTTP Request: POST https://api.telegram.org/bot8613215775:AAHJcqaPOgkXiZw_XFT87PX_mnm2mIgp-ok/getUpdates "HTTP/1.1 200 OK"
2026-06-19 14:19:00,910 - httpx - INFO - HTTP Request: POST https://api.telegram.org/bot8613215775:AAHJcqaPOgkXiZw_XFT87PX_mnm2mIgp-ok/getUpdates "HTTP/1.1 200 OK"
2026-06-19 14:19:11,086 - httpx - INFO - HTTP Request: POST https://api.telegram.org/bot8613215775:AAHJcqaPOgkXiZw_XFT87PX_mnm2mIgp-ok/getUpdates "HTTP/1.1 200 OK"
2026-06-19 14:19:21,228 - httpx - INFO - HTTP Request: POST https://api.telegram.org/bot8613215775:AAHJcqaPOgkXiZw_XFT87PX_mnm2mIgp-ok/getUpdates "HTTP/1.1 200 OK"
2026-06-19 14:19:31,460 - httpx - INFO - HTTP Request: POST https://api.telegram.org/bot8613215775:AAHJcqaPOgkXiZw_XFT87PX_mnm2mIgp-ok/getUpdates "HTTP/1.1 200 OK"
2026-06-19 14:19:41,633 - httpx - INFO - HTTP Request: POST https://api.telegram.org/bot8613215775:AAHJcqaPOgkXiZw_XFT87PX_mnm2mIgp-ok/getUpdates "HTTP/1.1 200 OK"
2026-06-19 14:19:51,805 - httpx - INFO - HTTP Request: POST https://api.telegram.org/bot8613215775:AAHJcqaPOgkXiZw_XFT87PX_mnm2mIgp-ok/getUpdates "HTTP/1.1 200 OK"
2026-06-19 14:20:01,970 - httpx - INFO - HTTP Request: POST https://api.telegram.org/bot8613215775:AAHJcqaPOgkXiZw_XFT87PX_mnm2mIgp-ok/getUpdates "HTTP/1.1 200 OK"
2026-06-19 14:20:12,122 - httpx - INFO - HTTP Request: POST https://api.telegram.org/bot8613215775:AAHJcqaPOgkXiZw_XFT87PX_mnm2mIgp-ok/getUpdates "HTTP/1.1 200 OK"
2026-06-19 14:20:22,293 - httpx - INFO - HTTP Request: POST https://api.telegram.org/bot8613215775:AAHJcqaPOgkXiZw_XFT87PX_mnm2mIgp-ok/getUpdates "HTTP/1.1 200 OK"
2026-06-19 14:20:32,463 - httpx - INFO - HTTP Request: POST https://api.telegram.org/bot8613215775:AAHJcqaPOgkXiZw_XFT87PX_mnm2mIgp-ok/getUpdates "HTTP/1.1 200 OK"
2026-06-19 14:20:42,688 - httpx - INFO - HTTP Request: POST https://api.telegram.org/bot8613215775:AAHJcqaPOgkXiZw_XFT87PX_mnm2mIgp-ok/getUpdates "HTTP/1.1 200 OK"
2026-06-19 14:20:52,846 - httpx - INFO - HTTP Request: POST https://api.telegram.org/bot8613215775:AAHJcqaPOgkXiZw_XFT87PX_mnm2mIgp-ok/getUpdates "HTTP/1.1 200 OK"
2026-06-19 14:21:03,028 - httpx - INFO - HTTP Request: POST https://api.telegram.org/bot8613215775:AAHJcqaPOgkXiZw_XFT87PX_mnm2mIgp-ok/getUpdates "HTTP/1.1 200 OK"
2026-06-19 14:21:13,289 - httpx - INFO - HTTP Request: POST https://api.telegram.org/bot8613215775:AAHJcqaPOgkXiZw_XFT87PX_mnm2mIgp-ok/getUpdates "HTTP/1.1 200 OK"
2026-06-19 14:21:23,453 - httpx - INFO - HTTP Request: POST https://api.telegram.org/bot8613215775:AAHJcqaPOgkXiZw_XFT87PX_mnm2mIgp-ok/getUpdates "HTTP/1.1 200 OK"
2026-06-19 14:21:34,050 - httpx - INFO - HTTP Request: POST https://api.telegram.org/bot8613215775:AAHJcqaPOgkXiZw_XFT87PX_mnm2mIgp-ok/getUpdates "HTTP/1.1 200 OK"
2026-06-19 14:21:44,215 - httpx - INFO - HTTP Request: POST https://api.telegram.org/bot8613215775:AAHJcqaPOgkXiZw_XFT87PX_mnm2mIgp-ok/getUpdates "HTTP/1.1 200 OK"
2026-06-19 14:21:54,601 - httpx - INFO - HTTP Request: POST https://api.telegram.org/bot8613215775:AAHJcqaPOgkXiZw_XFT87PX_mnm2mIgp-ok/getUpdates "HTTP/1.1 200 OK"
2026-06-19 14:22:04,815 - httpx - INFO - HTTP Request: POST https://api.telegram.org/bot8613215775:AAHJcqaPOgkXiZw_XFT87PX_mnm2mIgp-ok/getUpdates "HTTP/1.1 200 OK"
2026-06-19 14:22:15,003 - httpx - INFO - HTTP Request: POST https://api.telegram.org/bot8613215775:AAHJcqaPOgkXiZw_XFT87PX_mnm2mIgp-ok/getUpdates "HTTP/1.1 200 OK"
2026-06-19 14:22:25,195 - httpx - INFO - HTTP Request: POST https://api.telegram.org/bot8613215775:AAHJcqaPOgkXiZw_XFT87PX_mnm2mIgp-ok/getUpdates "HTTP/1.1 200 OK"
2026-06-19 14:22:35,374 - httpx - INFO - HTTP Request: POST https://api.telegram.org/bot8613215775:AAHJcqaPOgkXiZw_XFT87PX_mnm2mIgp-ok/getUpdates "HTTP/1.1 200 OK"
2026-06-19 14:22:45,937 - httpx - INFO - HTTP Request: POST https://api.telegram.org/bot8613215775:AAHJcqaPOgkXiZw_XFT87PX_mnm2mIgp-ok/getUpdates "HTTP/1.1 200 OK"
2026-06-19 14:22:57,424 - httpx - INFO - HTTP Request: POST https://api.telegram.org/bot8613215775:AAHJcqaPOgkXiZw_XFT87PX_mnm2mIgp-ok/getUpdates "HTTP/1.1 200 OK"
2026-06-19 14:23:07,682 - httpx - INFO - HTTP Request: POST https://api.telegram.org/bot8613215775:AAHJcqaPOgkXiZw_XFT87PX_mnm2mIgp-ok/getUpdates "HTTP/1.1 200 OK"
2026-06-19 14:23:17,817 - httpx - INFO - HTTP Request: POST https://api.telegram.org/bot8613215775:AAHJcqaPOgkXiZw_XFT87PX_mnm2mIgp-ok/getUpdates "HTTP/1.1 200 OK"
2026-06-19 14:23:28,561 - httpx - INFO - HTTP Request: POST https://api.telegram.org/bot8613215775:AAHJcqaPOgkXiZw_XFT87PX_mnm2mIgp-ok/getUpdates "HTTP/1.1 200 OK"
2026-06-19 14:23:39,560 - httpx - INFO - HTTP Request: POST https://api.telegram.org/bot8613215775:AAHJcqaPOgkXiZw_XFT87PX_mnm2mIgp-ok/getUpdates "HTTP/1.1 200 OK"
2026-06-19 14:23:49,878 - httpx - INFO - HTTP Request: POST https://api.telegram.org/bot8613215775:AAHJcqaPOgkXiZw_XFT87PX_mnm2mIgp-ok/getUpdates "HTTP/1.1 200 OK"
2026-06-19 14:24:00,227 - httpx - INFO - HTTP Request: POST https://api.telegram.org/bot8613215775:AAHJcqaPOgkXiZw_XFT87PX_mnm2mIgp-ok/getUpdates "HTTP/1.1 200 OK"
2026-06-19 14:24:10,616 - httpx - INFO - HTTP Request: POST https://api.telegram.org/bot8613215775:AAHJcqaPOgkXiZw_XFT87PX_mnm2mIgp-ok/getUpdates "HTTP/1.1 200 OK"
2026-06-19 14:24:20,874 - httpx - INFO - HTTP Request: POST https://api.telegram.org/bot8613215775:AAHJcqaPOgkXiZw_XFT87PX_mnm2mIgp-ok/getUpdates "HTTP/1.1 200 OK"
2026-06-19 14:24:31,215 - httpx - INFO - HTTP Request: POST https://api.telegram.org/bot8613215775:AAHJcqaPOgkXiZw_XFT87PX_mnm2mIgp-ok/getUpdates "HTTP/1.1 200 OK"
2026-06-19 14:24:42,240 - httpx - INFO - HTTP Request: POST https://api.telegram.org/bot8613215775:AAHJcqaPOgkXiZw_XFT87PX_mnm2mIgp-ok/getUpdates "HTTP/1.1 200 OK"
2026-06-19 14:24:52,420 - httpx - INFO - HTTP Request: POST https://api.telegram.org/bot8613215775:AAHJcqaPOgkXiZw_XFT87PX_mnm2mIgp-ok/getUpdates "HTTP/1.1 200 OK"
2026-06-19 14:25:04,323 - httpx - INFO - HTTP Request: POST https://api.telegram.org/bot8613215775:AAHJcqaPOgkXiZw_XFT87PX_mnm2mIgp-ok/getUpdates "HTTP/1.1 200 OK"
2026-06-19 14:25:15,434 - httpx - INFO - HTTP Request: POST https://api.telegram.org/bot8613215775:AAHJcqaPOgkXiZw_XFT87PX_mnm2mIgp-ok/getUpdates "HTTP/1.1 200 OK"
2026-06-19 14:25:26,206 - httpx - INFO - HTTP Request: POST https://api.telegram.org/bot8613215775:AAHJcqaPOgkXiZw_XFT87PX_mnm2mIgp-ok/getUpdates "HTTP/1.1 200 OK"
2026-06-19 14:25:36,768 - httpx - INFO - HTTP Request: POST https://api.telegram.org/bot8613215775:AAHJcqaPOgkXiZw_XFT87PX_mnm2mIgp-ok/getUpdates "HTTP/1.1 200 OK"
2026-06-19 14:25:46,994 - httpx - INFO - HTTP Request: POST https://api.telegram.org/bot8613215775:AAHJcqaPOgkXiZw_XFT87PX_mnm2mIgp-ok/getUpdates "HTTP/1.1 200 OK"
2026-06-19 14:25:57,321 - httpx - INFO - HTTP Request: POST https://api.telegram.org/bot8613215775:AAHJcqaPOgkXiZw_XFT87PX_mnm2mIgp-ok/getUpdates "HTTP/1.1 200 OK"
2026-06-19 14:26:07,628 - httpx - INFO - HTTP Request: POST https://api.telegram.org/bot8613215775:AAHJcqaPOgkXiZw_XFT87PX_mnm2mIgp-ok/getUpdates "HTTP/1.1 200 OK"
2026-06-19 14:26:18,267 - httpx - INFO - HTTP Request: POST https://api.telegram.org/bot8613215775:AAHJcqaPOgkXiZw_XFT87PX_mnm2mIgp-ok/getUpdates "HTTP/1.1 200 OK"
2026-06-19 14:26:29,701 - httpx - INFO - HTTP Request: POST https://api.telegram.org/bot8613215775:AAHJcqaPOgkXiZw_XFT87PX_mnm2mIgp-ok/getUpdates "HTTP/1.1 200 OK"
2026-06-19 14:26:39,888 - httpx - INFO - HTTP Request: POST https://api.telegram.org/bot8613215775:AAHJcqaPOgkXiZw_XFT87PX_mnm2mIgp-ok/getUpdates "HTTP/1.1 200 OK"
2026-06-19 14:26:50,679 - httpx - INFO - HTTP Request: POST https://api.telegram.org/bot8613215775:AAHJcqaPOgkXiZw_XFT87PX_mnm2mIgp-ok/getUpdates "HTTP/1.1 200 OK"
2026-06-19 14:27:00,851 - httpx - INFO - HTTP Request: POST https://api.telegram.org/bot8613215775:AAHJcqaPOgkXiZw_XFT87PX_mnm2mIgp-ok/getUpdates "HTTP/1.1 200 OK"
2026-06-19 14:27:11,819 - httpx - INFO - HTTP Request: POST https://api.telegram.org/bot8613215775:AAHJcqaPOgkXiZw_XFT87PX_mnm2mIgp-ok/getUpdates "HTTP/1.1 200 OK"
2026-06-19 14:27:22,060 - httpx - INFO - HTTP Request: POST https://api.telegram.org/bot8613215775:AAHJcqaPOgkXiZw_XFT87PX_mnm2mIgp-ok/getUpdates "HTTP/1.1 200 OK"
2026-06-19 14:27:32,406 - httpx - INFO - HTTP Request: POST https://api.telegram.org/bot8613215775:AAHJcqaPOgkXiZw_XFT87PX_mnm2mIgp-ok/getUpdates "HTTP/1.1 200 OK"
2026-06-19 14:27:43,007 - httpx - INFO - HTTP Request: POST https://api.telegram.org/bot8613215775:AAHJcqaPOgkXiZw_XFT87PX_mnm2mIgp-ok/getUpdates "HTTP/1.1 200 OK"
2026-06-19 14:27:53,198 - httpx - INFO - HTTP Request: POST https://api.telegram.org/bot8613215775:AAHJcqaPOgkXiZw_XFT87PX_mnm2mIgp-ok/getUpdates "HTTP/1.1 200 OK"
2026-06-19 14:28:03,494 - httpx - INFO - HTTP Request: POST https://api.telegram.org/bot8613215775:AAHJcqaPOgkXiZw_XFT87PX_mnm2mIgp-ok/getUpdates "HTTP/1.1 200 OK"
2026-06-19 14:28:13,875 - httpx - INFO - HTTP Request: POST https://api.telegram.org/bot8613215775:AAHJcqaPOgkXiZw_XFT87PX_mnm2mIgp-ok/getUpdates "HTTP/1.1 200 OK"
2026-06-19 14:28:24,187 - httpx - INFO - HTTP Request: POST https://api.telegram.org/bot8613215775:AAHJcqaPOgkXiZw_XFT87PX_mnm2mIgp-ok/getUpdates "HTTP/1.1 200 OK"
2026-06-19 14:28:34,343 - httpx - INFO - HTTP Request: POST https://api.telegram.org/bot8613215775:AAHJcqaPOgkXiZw_XFT87PX_mnm2mIgp-ok/getUpdates "HTTP/1.1 200 OK"
2026-06-19 14:28:45,031 - httpx - INFO - HTTP Request: POST https://api.telegram.org/bot8613215775:AAHJcqaPOgkXiZw_XFT87PX_mnm2mIgp-ok/getUpdates "HTTP/1.1 200 OK"
2026-06-19 14:28:55,369 - httpx - INFO - HTTP Request: POST https://api.telegram.org/bot8613215775:AAHJcqaPOgkXiZw_XFT87PX_mnm2mIgp-ok/getUpdates "HTTP/1.1 200 OK"
2026-06-19 14:29:05,512 - httpx - INFO - HTTP Request: POST https://api.telegram.org/bot8613215775:AAHJcqaPOgkXiZw_XFT87PX_mnm2mIgp-ok/getUpdates "HTTP/1.1 200 OK"
2026-06-19 14:29:15,651 - httpx - INFO - HTTP Request: POST https://api.telegram.org/bot8613215775:AAHJcqaPOgkXiZw_XFT87PX_mnm2mIgp-ok/getUpdates "HTTP/1.1 200 OK"
2026-06-19 14:29:25,832 - httpx - INFO - HTTP Request: POST https://api.telegram.org/bot8613215775:AAHJcqaPOgkXiZw_XFT87PX_mnm2mIgp-ok/getUpdates "HTTP/1.1 200 OK"
2026-06-19 14:29:36,044 - httpx - INFO - HTTP Request: POST https://api.telegram.org/bot8613215775:AAHJcqaPOgkXiZw_XFT87PX_mnm2mIgp-ok/getUpdates "HTTP/1.1 200 OK"
2026-06-19 14:29:46,783 - httpx - INFO - HTTP Request: POST https://api.telegram.org/bot8613215775:AAHJcqaPOgkXiZw_XFT87PX_mnm2mIgp-ok/getUpdates "HTTP/1.1 200 OK"
2026-06-19 14:29:56,936 - httpx - INFO - HTTP Request: POST https://api.telegram.org/bot8613215775:AAHJcqaPOgkXiZw_XFT87PX_mnm2mIgp-ok/getUpdates "HTTP/1.1 200 OK"
2026-06-19 14:30:08,222 - httpx - INFO - HTTP Request: POST https://api.telegram.org/bot8613215775:AAHJcqaPOgkXiZw_XFT87PX_mnm2mIgp-ok/getUpdates "HTTP/1.1 200 OK"
2026-06-19 14:30:20,438 - httpx - INFO - HTTP Request: POST https://api.telegram.org/bot8613215775:AAHJcqaPOgkXiZw_XFT87PX_mnm2mIgp-ok/getUpdates "HTTP/1.1 200 OK"
2026-06-19 14:30:31,256 - httpx - INFO - HTTP Request: POST https://api.telegram.org/bot8613215775:AAHJcqaPOgkXiZw_XFT87PX_mnm2mIgp-ok/getUpdates "HTTP/1.1 200 OK"
2026-06-19 14:30:31,258 - telegram.ext.Application - INFO - Application is stopping. This might take a moment.
2026-06-19 14:30:31,258 - telegram.ext.Application - INFO - Application.stop() complete
